2024-02-29 09:13:09.270  WARN 23860 --- [HikariPool-1 housekeeper] com.zaxxer.hikari.pool.HikariPool        : HikariPool-1 - Thread starvation or clock leap detected (housekeeper delta=15h23m3s826ms181탎).
2024-02-29 09:56:51.624  WARN 23860 --- [HikariPool-1 housekeeper] com.zaxxer.hikari.pool.HikariPool        : HikariPool-1 - Thread starvation or clock leap detected (housekeeper delta=1m41s587ms677탎900ns).
2024-02-29 10:10:58.636  WARN 23860 --- [HikariPool-1 housekeeper] com.zaxxer.hikari.pool.HikariPool        : HikariPool-1 - Thread starvation or clock leap detected (housekeeper delta=11m6s928ms603탎400ns).
2024-02-29 10:23:57.780  WARN 23860 --- [HikariPool-1 housekeeper] com.zaxxer.hikari.pool.HikariPool        : HikariPool-1 - Thread starvation or clock leap detected (housekeeper delta=1m28s969ms907탎100ns).
2024-02-29 10:49:28.352  INFO 27892 --- [restartedMain] c.V.VendingMachine01Application          : Starting VendingMachine01Application using Java 11.0.16 on CHE-HKUMAR-LT with PID 27892 (C:\Users\Hemanth.kumar\IdeaProjects\Vending-machine-master shared\5-2-24 crud operations and jwt token generation working perfectly\VendingMachineGradle\build\classes\java\main started by Hemanth.Kumar in C:\Users\Hemanth.kumar\IdeaProjects\Vending-machine-master shared\5-2-24 crud operations and jwt token generation working perfectly\VendingMachineGradle)
2024-02-29 10:49:28.357  INFO 27892 --- [restartedMain] c.V.VendingMachine01Application          : No active profile set, falling back to 1 default profile: "default"
2024-02-29 10:49:28.567  INFO 27892 --- [restartedMain] .e.DevToolsPropertyDefaultsPostProcessor : Devtools property defaults active! Set 'spring.devtools.add-properties' to 'false' to disable
2024-02-29 10:49:28.567  INFO 27892 --- [restartedMain] .e.DevToolsPropertyDefaultsPostProcessor : For additional web related logging consider setting the 'logging.level.web' property to 'DEBUG'
2024-02-29 10:49:30.975  INFO 27892 --- [restartedMain] .s.d.r.c.RepositoryConfigurationDelegate : Multiple Spring Data modules found, entering strict repository configuration mode
2024-02-29 10:49:30.979  INFO 27892 --- [restartedMain] .s.d.r.c.RepositoryConfigurationDelegate : Bootstrapping Spring Data JDBC repositories in DEFAULT mode.
2024-02-29 10:49:31.008  INFO 27892 --- [restartedMain] .s.d.r.c.RepositoryConfigurationDelegate : Finished Spring Data repository scanning in 23 ms. Found 0 JDBC repository interfaces.
2024-02-29 10:49:31.020  INFO 27892 --- [restartedMain] .s.d.r.c.RepositoryConfigurationDelegate : Multiple Spring Data modules found, entering strict repository configuration mode
2024-02-29 10:49:31.022  INFO 27892 --- [restartedMain] .s.d.r.c.RepositoryConfigurationDelegate : Bootstrapping Spring Data JPA repositories in DEFAULT mode.
2024-02-29 10:49:31.037  INFO 27892 --- [restartedMain] .s.d.r.c.RepositoryConfigurationDelegate : Finished Spring Data repository scanning in 9 ms. Found 0 JPA repository interfaces.
2024-02-29 10:49:31.689  INFO 27892 --- [restartedMain] trationDelegate$BeanPostProcessorChecker : Bean 'org.springframework.boot.autoconfigure.security.oauth2.method.OAuth2MethodSecurityExpressionHandlerConfiguration' of type [org.springframework.boot.autoconfigure.security.oauth2.method.OAuth2MethodSecurityExpressionHandlerConfiguration] is not eligible for getting processed by all BeanPostProcessors (for example: not eligible for auto-proxying)
2024-02-29 10:49:31.702  INFO 27892 --- [restartedMain] trationDelegate$BeanPostProcessorChecker : Bean 'methodSecurityExpressionHandler' of type [org.springframework.security.oauth2.provider.expression.OAuth2MethodSecurityExpressionHandler] is not eligible for getting processed by all BeanPostProcessors (for example: not eligible for auto-proxying)
2024-02-29 10:49:33.119  INFO 27892 --- [restartedMain] o.s.b.w.embedded.tomcat.TomcatWebServer  : Tomcat initialized with port(s): 8080 (http)
2024-02-29 10:49:33.148  INFO 27892 --- [restartedMain] o.apache.catalina.core.StandardService   : Starting service [Tomcat]
2024-02-29 10:49:33.149  INFO 27892 --- [restartedMain] org.apache.catalina.core.StandardEngine  : Starting Servlet engine: [Apache Tomcat/9.0.68]
2024-02-29 10:49:33.718  INFO 27892 --- [restartedMain] org.apache.jasper.servlet.TldScanner     : At least one JAR was scanned for TLDs yet contained no TLDs. Enable debug logging for this logger for a complete list of JARs that were scanned but no TLDs were found in them. Skipping unneeded JARs during scanning can improve startup time and JSP compilation time.
2024-02-29 10:49:33.742  INFO 27892 --- [restartedMain] o.a.c.c.C.[Tomcat].[localhost].[/]       : Initializing Spring embedded WebApplicationContext
2024-02-29 10:49:33.743  INFO 27892 --- [restartedMain] w.s.c.ServletWebServerApplicationContext : Root WebApplicationContext: initialization completed in 5174 ms
2024-02-29 10:49:34.755  INFO 27892 --- [restartedMain] o.f.c.internal.license.VersionPrinter    : Flyway Community Edition 8.0.1 by Redgate
2024-02-29 10:49:34.756  INFO 27892 --- [restartedMain] o.f.c.i.database.base.BaseDatabaseType   : Database: jdbc:sqlserver://localhost:1433;connectRetryInterval=10;connectRetryCount=1;maxResultBuffer=-1;sendTemporalDataTypesAsStringForBulkCopy=true;delayLoadingLobs=true;useFmtOnly=false;useBulkCopyForBatchInsert=false;cancelQueryTimeout=-1;sslProtocol=TLS;jaasConfigurationName=SQLJDBCDriver;statementPoolingCacheSize=0;serverPreparedStatementDiscardThreshold=10;enablePrepareOnFirstPreparedStatementCall=false;fips=false;socketTimeout=0;authentication=NotSpecified;authenticationScheme=nativeAuthentication;xopenStates=false;sendTimeAsDatetime=true;replication=false;trustStoreType=JKS;trustServerCertificate=true;TransparentNetworkIPResolution=true;serverNameAsACE=false;sendStringParametersAsUnicode=true;selectMethod=direct;responseBuffering=adaptive;queryTimeout=-1;packetSize=8000;multiSubnetFailover=false;loginTimeout=15;lockTimeout=-1;lastUpdateCount=true;encrypt=true;disableStatementPooling=true;databaseName=flywaydemo;columnEncryptionSetting=Disabled;applicationName=Microsoft JDBC Driver for SQL Server;applicationIntent=readwrite; (Microsoft SQL Server 15.0)
2024-02-29 10:49:34.879  INFO 27892 --- [restartedMain] o.f.core.internal.command.DbValidate     : Successfully validated 2 migrations (execution time 00:00.072s)
2024-02-29 10:49:34.901  INFO 27892 --- [restartedMain] o.f.core.internal.command.DbMigrate      : Current version of schema [dbo]: 2
2024-02-29 10:49:34.907  INFO 27892 --- [restartedMain] o.f.core.internal.command.DbMigrate      : Schema [dbo] is up to date. No migration necessary.
2024-02-29 10:49:35.116  INFO 27892 --- [restartedMain] o.hibernate.jpa.internal.util.LogHelper  : HHH000204: Processing PersistenceUnitInfo [name: default]
2024-02-29 10:49:35.257  INFO 27892 --- [restartedMain] org.hibernate.Version                    : HHH000412: Hibernate ORM core version 5.6.12.Final
2024-02-29 10:49:35.576  INFO 27892 --- [restartedMain] o.hibernate.annotations.common.Version   : HCANN000001: Hibernate Commons Annotations {5.1.2.Final}
2024-02-29 10:49:35.784  INFO 27892 --- [restartedMain] com.zaxxer.hikari.HikariDataSource       : HikariPool-1 - Starting...
2024-02-29 10:49:35.950  INFO 27892 --- [restartedMain] com.zaxxer.hikari.HikariDataSource       : HikariPool-1 - Start completed.
2024-02-29 10:49:36.101  INFO 27892 --- [restartedMain] org.hibernate.dialect.Dialect            : HHH000400: Using dialect: org.hibernate.dialect.SQLServer2016Dialect
2024-02-29 10:49:36.477  INFO 27892 --- [restartedMain] o.h.e.t.j.p.i.JtaPlatformInitiator       : HHH000490: Using JtaPlatform implementation: [org.hibernate.engine.transaction.jta.platform.internal.NoJtaPlatform]
2024-02-29 10:49:36.490  INFO 27892 --- [restartedMain] j.LocalContainerEntityManagerFactoryBean : Initialized JPA EntityManagerFactory for persistence unit 'default'
2024-02-29 10:49:36.780  WARN 27892 --- [restartedMain] JpaBaseConfiguration$JpaWebConfiguration : spring.jpa.open-in-view is enabled by default. Therefore, database queries may be performed during view rendering. Explicitly configure spring.jpa.open-in-view to disable this warning
2024-02-29 10:49:37.084  INFO 27892 --- [restartedMain] o.s.s.web.DefaultSecurityFilterChain     : Will secure any request with [org.springframework.security.web.session.DisableEncodeUrlFilter@670d2243, org.springframework.security.web.context.request.async.WebAsyncManagerIntegrationFilter@3c17c308, org.springframework.security.web.context.SecurityContextPersistenceFilter@53c5666c, org.springframework.security.web.header.HeaderWriterFilter@6b78315d, org.springframework.security.web.authentication.logout.LogoutFilter@615ad139, com.VendingMachine.security.JwtRequestFilter@44648eef, org.springframework.security.web.authentication.UsernamePasswordAuthenticationFilter@57a19c06, org.springframework.security.web.savedrequest.RequestCacheAwareFilter@6b0cf4ae, org.springframework.security.web.servletapi.SecurityContextHolderAwareRequestFilter@49f4f298, org.springframework.security.web.authentication.AnonymousAuthenticationFilter@5ffc9e41, org.springframework.security.web.session.SessionManagementFilter@11c73b9, org.springframework.security.web.access.ExceptionTranslationFilter@336ae114, org.springframework.security.web.access.intercept.FilterSecurityInterceptor@6ba7714a]
2024-02-29 10:49:37.393 DEBUG 27892 --- [restartedMain] s.w.s.m.m.a.RequestMappingHandlerAdapter : ControllerAdvice beans: 0 @ModelAttribute, 0 @InitBinder, 1 RequestBodyAdvice, 1 ResponseBodyAdvice
2024-02-29 10:49:37.562 DEBUG 27892 --- [restartedMain] s.w.s.m.m.a.RequestMappingHandlerMapping : 29 mappings in 'requestMappingHandlerMapping'
2024-02-29 10:49:38.316 DEBUG 27892 --- [restartedMain] o.s.w.s.handler.SimpleUrlHandlerMapping  : Patterns [/webjars/**, /**, /swagger-ui*/**] in 'resourceHandlerMapping'
2024-02-29 10:49:38.333 DEBUG 27892 --- [restartedMain] .m.m.a.ExceptionHandlerExceptionResolver : ControllerAdvice beans: 2 @ExceptionHandler, 1 ResponseBodyAdvice
2024-02-29 10:49:38.834  WARN 27892 --- [restartedMain] o.s.data.convert.CustomConversions       : Registering converter from class microsoft.sql.DateTimeOffset to class java.time.OffsetDateTime as reading converter although it doesn't convert from a store-supported type; You might want to check your annotation setup at the converter implementation
2024-02-29 10:49:38.968  INFO 27892 --- [restartedMain] o.s.b.d.a.OptionalLiveReloadServer       : LiveReload server is running on port 35729
2024-02-29 10:49:38.977  INFO 27892 --- [restartedMain] o.s.b.a.e.web.EndpointLinksResolver      : Exposing 15 endpoint(s) beneath base path '/actuator'
2024-02-29 10:49:39.078  INFO 27892 --- [restartedMain] o.s.b.w.embedded.tomcat.TomcatWebServer  : Tomcat started on port(s): 8080 (http) with context path ''
2024-02-29 10:49:39.096  INFO 27892 --- [restartedMain] c.V.VendingMachine01Application          : Started VendingMachine01Application in 11.49 seconds (JVM running for 12.606)
2024-02-29 11:04:53.588  WARN 27892 --- [HikariPool-1 housekeeper] com.zaxxer.hikari.pool.HikariPool        : HikariPool-1 - Thread starvation or clock leap detected (housekeeper delta=2m17s338ms744탎).
